{
"/Users/mikehewitson1/src/pi-fridge-controller-server/app.js":{"path":"/Users/mikehewitson1/src/pi-fridge-controller-server/app.js","s":{"1":1,"2":1,"3":1,"4":1,"5":1,"6":1,"7":1,"8":1,"9":1,"10":1,"11":1,"12":1,"13":1,"14":1,"15":1,"16":1,"17":1,"18":1,"19":1,"20":1,"21":1,"22":1,"23":1,"24":1,"25":1,"26":1,"27":1,"28":1,"29":1,"30":1,"31":1,"32":1,"33":1,"34":1,"35":1,"36":1,"37":1,"38":1,"39":1,"40":1,"41":1,"42":1,"43":1,"44":1,"45":1,"46":1,"47":1,"48":0,"49":0,"50":1},"b":{"1":[1,0],"2":[1,0],"3":[0,0]},"f":{"1":1,"2":1,"3":1,"4":0},"fnMap":{"1":{"name":"(anonymous_1)","line":40,"loc":{"start":{"line":40,"column":16},"end":{"line":40,"column":27}}},"2":{"name":"(anonymous_2)","line":104,"loc":{"start":{"line":104,"column":8},"end":{"line":104,"column":33}}},"3":{"name":"(anonymous_3)","line":117,"loc":{"start":{"line":117,"column":12},"end":{"line":117,"column":42}},"skip":true},"4":{"name":"(anonymous_4)","line":129,"loc":{"start":{"line":129,"column":8},"end":{"line":129,"column":38}},"skip":true}},"statementMap":{"1":{"start":{"line":1,"column":0},"end":{"line":1,"column":48}},"2":{"start":{"line":2,"column":0},"end":{"line":2,"column":33}},"3":{"start":{"line":3,"column":0},"end":{"line":3,"column":58}},"4":{"start":{"line":5,"column":0},"end":{"line":5,"column":33}},"5":{"start":{"line":6,"column":0},"end":{"line":6,"column":27}},"6":{"start":{"line":7,"column":0},"end":{"line":7,"column":39}},"7":{"start":{"line":8,"column":0},"end":{"line":8,"column":31}},"8":{"start":{"line":9,"column":0},"end":{"line":9,"column":44}},"9":{"start":{"line":10,"column":0},"end":{"line":10,"column":40}},"10":{"start":{"line":12,"column":0},"end":{"line":12,"column":39}},"11":{"start":{"line":13,"column":0},"end":{"line":13,"column":38}},"12":{"start":{"line":14,"column":0},"end":{"line":14,"column":53}},"13":{"start":{"line":15,"column":0},"end":{"line":15,"column":51}},"14":{"start":{"line":16,"column":0},"end":{"line":16,"column":53}},"15":{"start":{"line":17,"column":0},"end":{"line":17,"column":53}},"16":{"start":{"line":18,"column":0},"end":{"line":18,"column":35}},"17":{"start":{"line":20,"column":0},"end":{"line":34,"column":3}},"18":{"start":{"line":36,"column":0},"end":{"line":36,"column":84}},"19":{"start":{"line":37,"column":0},"end":{"line":37,"column":22}},"20":{"start":{"line":38,"column":0},"end":{"line":38,"column":29}},"21":{"start":{"line":39,"column":0},"end":{"line":39,"column":65}},"22":{"start":{"line":40,"column":0},"end":{"line":43,"column":3}},"23":{"start":{"line":42,"column":4},"end":{"line":42,"column":51}},"24":{"start":{"line":45,"column":0},"end":{"line":45,"column":20}},"25":{"start":{"line":48,"column":0},"end":{"line":48,"column":48}},"26":{"start":{"line":49,"column":0},"end":{"line":49,"column":31}},"27":{"start":{"line":55,"column":0},"end":{"line":70,"column":4}},"28":{"start":{"line":73,"column":0},"end":{"line":73,"column":27}},"29":{"start":{"line":74,"column":0},"end":{"line":74,"column":52}},"30":{"start":{"line":75,"column":0},"end":{"line":75,"column":24}},"31":{"start":{"line":76,"column":0},"end":{"line":76,"column":56}},"32":{"start":{"line":78,"column":0},"end":{"line":78,"column":21}},"33":{"start":{"line":79,"column":0},"end":{"line":79,"column":25}},"34":{"start":{"line":80,"column":0},"end":{"line":80,"column":35}},"35":{"start":{"line":81,"column":0},"end":{"line":81,"column":32}},"36":{"start":{"line":82,"column":0},"end":{"line":82,"column":34}},"37":{"start":{"line":83,"column":0},"end":{"line":83,"column":34}},"38":{"start":{"line":86,"column":0},"end":{"line":101,"column":4}},"39":{"start":{"line":104,"column":0},"end":{"line":108,"column":3}},"40":{"start":{"line":105,"column":4},"end":{"line":105,"column":37}},"41":{"start":{"line":106,"column":4},"end":{"line":106,"column":21}},"42":{"start":{"line":107,"column":4},"end":{"line":107,"column":14}},"43":{"start":{"line":116,"column":0},"end":{"line":124,"column":1},"skip":true},"44":{"start":{"line":117,"column":4},"end":{"line":123,"column":7},"skip":true},"45":{"start":{"line":118,"column":8},"end":{"line":118,"column":38},"skip":true},"46":{"start":{"line":119,"column":8},"end":{"line":122,"column":11},"skip":true},"47":{"start":{"line":129,"column":0},"end":{"line":135,"column":3},"skip":true},"48":{"start":{"line":130,"column":4},"end":{"line":130,"column":34},"skip":true},"49":{"start":{"line":131,"column":4},"end":{"line":134,"column":7},"skip":true},"50":{"start":{"line":138,"column":0},"end":{"line":138,"column":21}}},"branchMap":{"1":{"line":116,"type":"if","locations":[{"start":{"line":116,"column":0},"end":{"line":116,"column":0},"skip":true},{"start":{"line":116,"column":0},"end":{"line":116,"column":0},"skip":true}]},"2":{"line":118,"type":"binary-expr","locations":[{"start":{"line":118,"column":19},"end":{"line":118,"column":29},"skip":true},{"start":{"line":118,"column":33},"end":{"line":118,"column":36},"skip":true}]},"3":{"line":130,"type":"binary-expr","locations":[{"start":{"line":130,"column":15},"end":{"line":130,"column":25},"skip":true},{"start":{"line":130,"column":29},"end":{"line":130,"column":32},"skip":true}]}},"l":{"1":1,"2":1,"3":1,"5":1,"6":1,"7":1,"8":1,"9":1,"10":1,"12":1,"13":1,"14":1,"15":1,"16":1,"17":1,"18":1,"20":1,"36":1,"37":1,"38":1,"39":1,"40":1,"42":1,"45":1,"48":1,"49":1,"55":1,"73":1,"74":1,"75":1,"76":1,"78":1,"79":1,"80":1,"81":1,"82":1,"83":1,"86":1,"104":1,"105":1,"106":1,"107":1,"116":1,"117":1,"118":1,"119":1,"129":1,"130":1,"131":1,"138":1}},
"/Users/mikehewitson1/src/pi-fridge-controller-server/routes/index.js":{"path":"/Users/mikehewitson1/src/pi-fridge-controller-server/routes/index.js","s":{"1":1,"2":1,"3":1,"4":0,"5":1},"b":{},"f":{"1":0},"fnMap":{"1":{"name":"(anonymous_1)","line":6,"loc":{"start":{"line":6,"column":16},"end":{"line":6,"column":41}},"skip":true}},"statementMap":{"1":{"start":{"line":1,"column":0},"end":{"line":1,"column":33}},"2":{"start":{"line":2,"column":0},"end":{"line":2,"column":30}},"3":{"start":{"line":6,"column":0},"end":{"line":8,"column":3},"skip":true},"4":{"start":{"line":7,"column":4},"end":{"line":7,"column":46},"skip":true},"5":{"start":{"line":10,"column":0},"end":{"line":10,"column":24}}},"branchMap":{},"l":{"1":1,"2":1,"6":1,"7":1,"10":1}},
"/Users/mikehewitson1/src/pi-fridge-controller-server/routes/users.js":{"path":"/Users/mikehewitson1/src/pi-fridge-controller-server/routes/users.js","s":{"1":1,"2":1,"3":1,"4":0,"5":1},"b":{},"f":{"1":0},"fnMap":{"1":{"name":"(anonymous_1)","line":9,"loc":{"start":{"line":9,"column":16},"end":{"line":9,"column":41}},"skip":true}},"statementMap":{"1":{"start":{"line":1,"column":0},"end":{"line":1,"column":33}},"2":{"start":{"line":2,"column":0},"end":{"line":2,"column":30}},"3":{"start":{"line":9,"column":0},"end":{"line":11,"column":3},"skip":true},"4":{"start":{"line":10,"column":2},"end":{"line":10,"column":38},"skip":true},"5":{"start":{"line":13,"column":0},"end":{"line":13,"column":24}}},"branchMap":{},"l":{"1":1,"2":1,"9":1,"10":1,"13":1}},
"/Users/mikehewitson1/src/pi-fridge-controller-server/routes/readingRouter.js":{"path":"/Users/mikehewitson1/src/pi-fridge-controller-server/routes/readingRouter.js","s":{"1":1,"2":1,"3":1,"4":1,"5":1,"6":1,"7":1,"8":1,"9":1,"10":1,"11":1,"12":1,"13":3,"14":3,"15":3,"16":1,"17":1,"18":0,"19":1,"20":1,"21":1,"22":0,"23":0,"24":0,"25":0,"26":1,"27":1,"28":1,"29":1,"30":1,"31":1,"32":0,"33":1,"34":1,"35":3,"36":3,"37":3,"38":1,"39":1,"40":0,"41":1,"42":1,"43":1,"44":0,"45":1,"46":1,"47":1,"48":0,"49":1,"50":1,"51":2,"52":2,"53":2,"54":1,"55":1,"56":0,"57":1,"58":1,"59":1,"60":0,"61":1,"62":1,"63":1,"64":0,"65":1,"66":1,"67":1},"b":{"1":[0,1],"2":[0,1],"3":[0,1],"4":[0,1],"5":[0,1],"6":[0,1],"7":[0,1],"8":[0,1],"9":[0,1]},"f":{"1":3,"2":1,"3":1,"4":1,"5":1,"6":1,"7":1,"8":3,"9":1,"10":1,"11":1,"12":1,"13":1,"14":1,"15":2,"16":1,"17":1,"18":1,"19":1,"20":1},"fnMap":{"1":{"name":"(anonymous_1)","line":33,"loc":{"start":{"line":33,"column":9},"end":{"line":33,"column":34}}},"2":{"name":"(anonymous_2)","line":38,"loc":{"start":{"line":38,"column":9},"end":{"line":38,"column":34}}},"3":{"name":"(anonymous_3)","line":39,"loc":{"start":{"line":39,"column":26},"end":{"line":39,"column":49}}},"4":{"name":"(anonymous_4)","line":45,"loc":{"start":{"line":45,"column":10},"end":{"line":45,"column":35}}},"5":{"name":"(anonymous_5)","line":52,"loc":{"start":{"line":52,"column":34},"end":{"line":52,"column":57}}},"6":{"name":"(anonymous_6)","line":74,"loc":{"start":{"line":74,"column":12},"end":{"line":74,"column":37}}},"7":{"name":"(anonymous_7)","line":75,"loc":{"start":{"line":75,"column":28},"end":{"line":75,"column":48}}},"8":{"name":"(anonymous_8)","line":83,"loc":{"start":{"line":83,"column":9},"end":{"line":83,"column":34}}},"9":{"name":"(anonymous_9)","line":88,"loc":{"start":{"line":88,"column":9},"end":{"line":88,"column":34}}},"10":{"name":"(anonymous_10)","line":89,"loc":{"start":{"line":89,"column":48},"end":{"line":89,"column":71}}},"11":{"name":"(anonymous_11)","line":95,"loc":{"start":{"line":95,"column":9},"end":{"line":95,"column":34}}},"12":{"name":"(anonymous_12)","line":100,"loc":{"start":{"line":100,"column":11},"end":{"line":100,"column":34}}},"13":{"name":"(anonymous_13)","line":106,"loc":{"start":{"line":106,"column":12},"end":{"line":106,"column":37}}},"14":{"name":"(anonymous_14)","line":107,"loc":{"start":{"line":107,"column":57},"end":{"line":107,"column":77}}},"15":{"name":"(anonymous_15)","line":115,"loc":{"start":{"line":115,"column":9},"end":{"line":115,"column":34}}},"16":{"name":"(anonymous_16)","line":120,"loc":{"start":{"line":120,"column":9},"end":{"line":120,"column":34}}},"17":{"name":"(anonymous_17)","line":121,"loc":{"start":{"line":121,"column":48},"end":{"line":121,"column":71}}},"18":{"name":"(anonymous_18)","line":127,"loc":{"start":{"line":127,"column":10},"end":{"line":127,"column":35}}},"19":{"name":"(anonymous_19)","line":128,"loc":{"start":{"line":128,"column":48},"end":{"line":128,"column":71}}},"20":{"name":"(anonymous_20)","line":132,"loc":{"start":{"line":132,"column":25},"end":{"line":132,"column":48}}}},"statementMap":{"1":{"start":{"line":1,"column":0},"end":{"line":1,"column":37}},"2":{"start":{"line":2,"column":0},"end":{"line":2,"column":39}},"3":{"start":{"line":3,"column":0},"end":{"line":3,"column":33}},"4":{"start":{"line":4,"column":0},"end":{"line":4,"column":40}},"5":{"start":{"line":5,"column":0},"end":{"line":5,"column":35}},"6":{"start":{"line":6,"column":0},"end":{"line":6,"column":33}},"7":{"start":{"line":7,"column":0},"end":{"line":7,"column":58}},"8":{"start":{"line":9,"column":0},"end":{"line":23,"column":3}},"9":{"start":{"line":26,"column":0},"end":{"line":26,"column":45}},"10":{"start":{"line":28,"column":0},"end":{"line":28,"column":37}},"11":{"start":{"line":30,"column":0},"end":{"line":30,"column":37}},"12":{"start":{"line":32,"column":0},"end":{"line":80,"column":7}},"13":{"start":{"line":34,"column":8},"end":{"line":34,"column":55}},"14":{"start":{"line":35,"column":8},"end":{"line":35,"column":71}},"15":{"start":{"line":36,"column":8},"end":{"line":36,"column":15}},"16":{"start":{"line":39,"column":8},"end":{"line":43,"column":11}},"17":{"start":{"line":41,"column":12},"end":{"line":41,"column":31}},"18":{"start":{"line":41,"column":21},"end":{"line":41,"column":31},"skip":true},"19":{"start":{"line":42,"column":12},"end":{"line":42,"column":30}},"20":{"start":{"line":52,"column":8},"end":{"line":72,"column":11}},"21":{"start":{"line":54,"column":12},"end":{"line":71,"column":13}},"22":{"start":{"line":55,"column":16},"end":{"line":55,"column":36},"skip":true},"23":{"start":{"line":57,"column":16},"end":{"line":57,"column":41},"skip":true},"24":{"start":{"line":58,"column":16},"end":{"line":60,"column":19},"skip":true},"25":{"start":{"line":61,"column":16},"end":{"line":61,"column":55},"skip":true},"26":{"start":{"line":64,"column":16},"end":{"line":64,"column":48}},"27":{"start":{"line":65,"column":16},"end":{"line":65,"column":37}},"28":{"start":{"line":67,"column":16},"end":{"line":69,"column":19}},"29":{"start":{"line":70,"column":16},"end":{"line":70,"column":60}},"30":{"start":{"line":75,"column":8},"end":{"line":79,"column":11}},"31":{"start":{"line":77,"column":12},"end":{"line":77,"column":31}},"32":{"start":{"line":77,"column":21},"end":{"line":77,"column":31},"skip":true},"33":{"start":{"line":78,"column":12},"end":{"line":78,"column":27}},"34":{"start":{"line":82,"column":0},"end":{"line":112,"column":7}},"35":{"start":{"line":84,"column":8},"end":{"line":84,"column":55}},"36":{"start":{"line":85,"column":8},"end":{"line":85,"column":71}},"37":{"start":{"line":86,"column":8},"end":{"line":86,"column":15}},"38":{"start":{"line":89,"column":8},"end":{"line":93,"column":11}},"39":{"start":{"line":91,"column":12},"end":{"line":91,"column":31}},"40":{"start":{"line":91,"column":21},"end":{"line":91,"column":31},"skip":true},"41":{"start":{"line":92,"column":12},"end":{"line":92,"column":30}},"42":{"start":{"line":96,"column":8},"end":{"line":104,"column":11}},"43":{"start":{"line":102,"column":12},"end":{"line":102,"column":31}},"44":{"start":{"line":102,"column":21},"end":{"line":102,"column":31},"skip":true},"45":{"start":{"line":103,"column":12},"end":{"line":103,"column":30}},"46":{"start":{"line":107,"column":8},"end":{"line":111,"column":11}},"47":{"start":{"line":109,"column":12},"end":{"line":109,"column":31}},"48":{"start":{"line":109,"column":21},"end":{"line":109,"column":31},"skip":true},"49":{"start":{"line":110,"column":12},"end":{"line":110,"column":27}},"50":{"start":{"line":114,"column":0},"end":{"line":159,"column":5}},"51":{"start":{"line":116,"column":8},"end":{"line":116,"column":55}},"52":{"start":{"line":117,"column":8},"end":{"line":117,"column":71}},"53":{"start":{"line":118,"column":8},"end":{"line":118,"column":15}},"54":{"start":{"line":121,"column":8},"end":{"line":125,"column":11}},"55":{"start":{"line":123,"column":12},"end":{"line":123,"column":31}},"56":{"start":{"line":123,"column":21},"end":{"line":123,"column":31},"skip":true},"57":{"start":{"line":124,"column":12},"end":{"line":124,"column":38}},"58":{"start":{"line":128,"column":8},"end":{"line":138,"column":11}},"59":{"start":{"line":130,"column":12},"end":{"line":130,"column":31}},"60":{"start":{"line":130,"column":21},"end":{"line":130,"column":31},"skip":true},"61":{"start":{"line":131,"column":12},"end":{"line":131,"column":43}},"62":{"start":{"line":132,"column":12},"end":{"line":137,"column":15}},"63":{"start":{"line":134,"column":16},"end":{"line":134,"column":35}},"64":{"start":{"line":134,"column":25},"end":{"line":134,"column":35},"skip":true},"65":{"start":{"line":135,"column":16},"end":{"line":135,"column":48}},"66":{"start":{"line":136,"column":16},"end":{"line":136,"column":34}},"67":{"start":{"line":192,"column":0},"end":{"line":192,"column":31}}},"branchMap":{"1":{"line":41,"type":"if","locations":[{"start":{"line":41,"column":12},"end":{"line":41,"column":12},"skip":true},{"start":{"line":41,"column":12},"end":{"line":41,"column":12}}]},"2":{"line":54,"type":"if","locations":[{"start":{"line":54,"column":12},"end":{"line":54,"column":12},"skip":true},{"start":{"line":54,"column":12},"end":{"line":54,"column":12}}]},"3":{"line":77,"type":"if","locations":[{"start":{"line":77,"column":12},"end":{"line":77,"column":12},"skip":true},{"start":{"line":77,"column":12},"end":{"line":77,"column":12}}]},"4":{"line":91,"type":"if","locations":[{"start":{"line":91,"column":12},"end":{"line":91,"column":12},"skip":true},{"start":{"line":91,"column":12},"end":{"line":91,"column":12}}]},"5":{"line":102,"type":"if","locations":[{"start":{"line":102,"column":12},"end":{"line":102,"column":12},"skip":true},{"start":{"line":102,"column":12},"end":{"line":102,"column":12}}]},"6":{"line":109,"type":"if","locations":[{"start":{"line":109,"column":12},"end":{"line":109,"column":12},"skip":true},{"start":{"line":109,"column":12},"end":{"line":109,"column":12}}]},"7":{"line":123,"type":"if","locations":[{"start":{"line":123,"column":12},"end":{"line":123,"column":12},"skip":true},{"start":{"line":123,"column":12},"end":{"line":123,"column":12}}]},"8":{"line":130,"type":"if","locations":[{"start":{"line":130,"column":12},"end":{"line":130,"column":12},"skip":true},{"start":{"line":130,"column":12},"end":{"line":130,"column":12}}]},"9":{"line":134,"type":"if","locations":[{"start":{"line":134,"column":16},"end":{"line":134,"column":16},"skip":true},{"start":{"line":134,"column":16},"end":{"line":134,"column":16}}]}},"l":{"1":1,"2":1,"3":1,"4":1,"5":1,"6":1,"7":1,"9":1,"26":1,"28":1,"30":1,"32":1,"34":3,"35":3,"36":3,"39":1,"41":1,"42":1,"52":1,"54":1,"55":1,"57":1,"58":1,"61":1,"64":1,"65":1,"67":1,"70":1,"75":1,"77":1,"78":1,"82":1,"84":3,"85":3,"86":3,"89":1,"91":1,"92":1,"96":1,"102":1,"103":1,"107":1,"109":1,"110":1,"114":1,"116":2,"117":2,"118":2,"121":1,"123":1,"124":1,"128":1,"130":1,"131":1,"132":1,"134":1,"135":1,"136":1,"192":1}},
"/Users/mikehewitson1/src/pi-fridge-controller-server/models/readings.js":{"path":"/Users/mikehewitson1/src/pi-fridge-controller-server/models/readings.js","s":{"1":1,"2":1,"3":1,"4":1,"5":1,"6":1},"b":{},"f":{},"fnMap":{},"statementMap":{"1":{"start":{"line":2,"column":0},"end":{"line":2,"column":35}},"2":{"start":{"line":3,"column":0},"end":{"line":3,"column":29}},"3":{"start":{"line":5,"column":0},"end":{"line":26,"column":3}},"4":{"start":{"line":29,"column":0},"end":{"line":38,"column":3}},"5":{"start":{"line":42,"column":0},"end":{"line":42,"column":57}},"6":{"start":{"line":45,"column":0},"end":{"line":45,"column":26}}},"branchMap":{},"l":{"2":1,"3":1,"5":1,"29":1,"42":1,"45":1}},
"/Users/mikehewitson1/src/pi-fridge-controller-server/routes/latestRouter.js":{"path":"/Users/mikehewitson1/src/pi-fridge-controller-server/routes/latestRouter.js","s":{"1":1,"2":1,"3":1,"4":1,"5":1,"6":1,"7":1,"8":1,"9":1,"10":1,"11":1,"12":1,"13":1,"14":0,"15":1,"16":1},"b":{"1":[0,1]},"f":{"1":1,"2":1,"3":1},"fnMap":{"1":{"name":"(anonymous_1)","line":13,"loc":{"start":{"line":13,"column":9},"end":{"line":13,"column":34}}},"2":{"name":"(anonymous_2)","line":18,"loc":{"start":{"line":18,"column":9},"end":{"line":18,"column":34}}},"3":{"name":"(anonymous_3)","line":20,"loc":{"start":{"line":20,"column":19},"end":{"line":20,"column":42}}}},"statementMap":{"1":{"start":{"line":1,"column":0},"end":{"line":1,"column":33}},"2":{"start":{"line":2,"column":0},"end":{"line":2,"column":40}},"3":{"start":{"line":3,"column":0},"end":{"line":3,"column":35}},"4":{"start":{"line":5,"column":0},"end":{"line":5,"column":45}},"5":{"start":{"line":7,"column":0},"end":{"line":7,"column":36}},"6":{"start":{"line":9,"column":0},"end":{"line":9,"column":36}},"7":{"start":{"line":12,"column":0},"end":{"line":25,"column":7}},"8":{"start":{"line":14,"column":8},"end":{"line":14,"column":55}},"9":{"start":{"line":15,"column":8},"end":{"line":15,"column":71}},"10":{"start":{"line":16,"column":8},"end":{"line":16,"column":15}},"11":{"start":{"line":19,"column":8},"end":{"line":19,"column":68}},"12":{"start":{"line":20,"column":8},"end":{"line":24,"column":11}},"13":{"start":{"line":22,"column":12},"end":{"line":22,"column":31}},"14":{"start":{"line":22,"column":21},"end":{"line":22,"column":31},"skip":true},"15":{"start":{"line":23,"column":12},"end":{"line":23,"column":30}},"16":{"start":{"line":27,"column":0},"end":{"line":27,"column":30}}},"branchMap":{"1":{"line":22,"type":"if","locations":[{"start":{"line":22,"column":12},"end":{"line":22,"column":12},"skip":true},{"start":{"line":22,"column":12},"end":{"line":22,"column":12}}]}},"l":{"1":1,"2":1,"3":1,"5":1,"7":1,"9":1,"12":1,"14":1,"15":1,"16":1,"19":1,"20":1,"22":1,"23":1,"27":1}},
"/Users/mikehewitson1/src/pi-fridge-controller-server/routes/historyRouter.js":{"path":"/Users/mikehewitson1/src/pi-fridge-controller-server/routes/historyRouter.js","s":{"1":1,"2":1,"3":1,"4":1,"5":1,"6":1,"7":1,"8":1,"9":1,"10":1,"11":1,"12":1,"13":1,"14":0,"15":1,"16":1,"17":1,"18":1,"19":1,"20":1,"21":1,"22":1,"23":1,"24":1,"25":1,"26":1,"27":1,"28":0,"29":1,"30":1},"b":{"1":[0,1],"2":[0,1]},"f":{"1":1,"2":1,"3":1,"4":1,"5":1,"6":1},"fnMap":{"1":{"name":"(anonymous_1)","line":12,"loc":{"start":{"line":12,"column":9},"end":{"line":12,"column":34}}},"2":{"name":"(anonymous_2)","line":17,"loc":{"start":{"line":17,"column":9},"end":{"line":17,"column":34}}},"3":{"name":"(anonymous_3)","line":22,"loc":{"start":{"line":22,"column":19},"end":{"line":22,"column":42}}},"4":{"name":"(anonymous_4)","line":30,"loc":{"start":{"line":30,"column":9},"end":{"line":30,"column":34}}},"5":{"name":"(anonymous_5)","line":35,"loc":{"start":{"line":35,"column":9},"end":{"line":35,"column":34}}},"6":{"name":"(anonymous_6)","line":65,"loc":{"start":{"line":65,"column":19},"end":{"line":65,"column":42}}}},"statementMap":{"1":{"start":{"line":1,"column":0},"end":{"line":1,"column":33}},"2":{"start":{"line":2,"column":0},"end":{"line":2,"column":40}},"3":{"start":{"line":3,"column":0},"end":{"line":3,"column":35}},"4":{"start":{"line":5,"column":0},"end":{"line":5,"column":45}},"5":{"start":{"line":7,"column":0},"end":{"line":7,"column":37}},"6":{"start":{"line":9,"column":0},"end":{"line":9,"column":37}},"7":{"start":{"line":11,"column":0},"end":{"line":27,"column":7}},"8":{"start":{"line":13,"column":8},"end":{"line":13,"column":55}},"9":{"start":{"line":14,"column":8},"end":{"line":14,"column":71}},"10":{"start":{"line":15,"column":8},"end":{"line":15,"column":15}},"11":{"start":{"line":19,"column":8},"end":{"line":20,"column":31}},"12":{"start":{"line":22,"column":8},"end":{"line":26,"column":11}},"13":{"start":{"line":24,"column":12},"end":{"line":24,"column":31}},"14":{"start":{"line":24,"column":21},"end":{"line":24,"column":31},"skip":true},"15":{"start":{"line":25,"column":12},"end":{"line":25,"column":30}},"16":{"start":{"line":29,"column":0},"end":{"line":70,"column":7}},"17":{"start":{"line":31,"column":8},"end":{"line":31,"column":55}},"18":{"start":{"line":32,"column":8},"end":{"line":32,"column":71}},"19":{"start":{"line":33,"column":8},"end":{"line":33,"column":15}},"20":{"start":{"line":36,"column":8},"end":{"line":36,"column":19}},"21":{"start":{"line":37,"column":8},"end":{"line":37,"column":34}},"22":{"start":{"line":38,"column":8},"end":{"line":38,"column":52}},"23":{"start":{"line":39,"column":8},"end":{"line":39,"column":38}},"24":{"start":{"line":40,"column":8},"end":{"line":40,"column":53}},"25":{"start":{"line":41,"column":8},"end":{"line":57,"column":12}},"26":{"start":{"line":65,"column":8},"end":{"line":69,"column":11}},"27":{"start":{"line":67,"column":12},"end":{"line":67,"column":31}},"28":{"start":{"line":67,"column":21},"end":{"line":67,"column":31},"skip":true},"29":{"start":{"line":68,"column":12},"end":{"line":68,"column":30}},"30":{"start":{"line":72,"column":0},"end":{"line":72,"column":31}}},"branchMap":{"1":{"line":24,"type":"if","locations":[{"start":{"line":24,"column":12},"end":{"line":24,"column":12},"skip":true},{"start":{"line":24,"column":12},"end":{"line":24,"column":12}}]},"2":{"line":67,"type":"if","locations":[{"start":{"line":67,"column":12},"end":{"line":67,"column":12},"skip":true},{"start":{"line":67,"column":12},"end":{"line":67,"column":12}}]}},"l":{"1":1,"2":1,"3":1,"5":1,"7":1,"9":1,"11":1,"13":1,"14":1,"15":1,"19":1,"22":1,"24":1,"25":1,"29":1,"31":1,"32":1,"33":1,"36":1,"37":1,"38":1,"39":1,"40":1,"41":1,"65":1,"67":1,"68":1,"72":1}},
"/Users/mikehewitson1/src/pi-fridge-controller-server/routes/summaryRouter.js":{"path":"/Users/mikehewitson1/src/pi-fridge-controller-server/routes/summaryRouter.js","s":{"1":1,"2":1,"3":1,"4":1,"5":1,"6":1,"7":1,"8":1,"9":1,"10":1,"11":1,"12":1,"13":1,"14":0,"15":1,"16":1,"17":1,"18":1,"19":1,"20":1,"21":1,"22":1,"23":1,"24":1,"25":1,"26":1,"27":0,"28":1,"29":1},"b":{"1":[0,1],"2":[0,1]},"f":{"1":1,"2":1,"3":1,"4":1,"5":1,"6":1},"fnMap":{"1":{"name":"(anonymous_1)","line":12,"loc":{"start":{"line":12,"column":9},"end":{"line":12,"column":34}}},"2":{"name":"(anonymous_2)","line":17,"loc":{"start":{"line":17,"column":9},"end":{"line":17,"column":34}}},"3":{"name":"(anonymous_3)","line":62,"loc":{"start":{"line":62,"column":19},"end":{"line":62,"column":42}}},"4":{"name":"(anonymous_4)","line":70,"loc":{"start":{"line":70,"column":9},"end":{"line":70,"column":34}}},"5":{"name":"(anonymous_5)","line":75,"loc":{"start":{"line":75,"column":9},"end":{"line":75,"column":34}}},"6":{"name":"(anonymous_6)","line":128,"loc":{"start":{"line":128,"column":19},"end":{"line":128,"column":42}}}},"statementMap":{"1":{"start":{"line":1,"column":0},"end":{"line":1,"column":33}},"2":{"start":{"line":2,"column":0},"end":{"line":2,"column":40}},"3":{"start":{"line":3,"column":0},"end":{"line":3,"column":35}},"4":{"start":{"line":5,"column":0},"end":{"line":5,"column":45}},"5":{"start":{"line":7,"column":0},"end":{"line":7,"column":37}},"6":{"start":{"line":9,"column":0},"end":{"line":9,"column":37}},"7":{"start":{"line":11,"column":0},"end":{"line":67,"column":7}},"8":{"start":{"line":13,"column":8},"end":{"line":13,"column":55}},"9":{"start":{"line":14,"column":8},"end":{"line":14,"column":71}},"10":{"start":{"line":15,"column":8},"end":{"line":15,"column":15}},"11":{"start":{"line":18,"column":8},"end":{"line":60,"column":12}},"12":{"start":{"line":62,"column":8},"end":{"line":66,"column":11}},"13":{"start":{"line":64,"column":12},"end":{"line":64,"column":31}},"14":{"start":{"line":64,"column":21},"end":{"line":64,"column":31},"skip":true},"15":{"start":{"line":65,"column":12},"end":{"line":65,"column":30}},"16":{"start":{"line":69,"column":0},"end":{"line":133,"column":7}},"17":{"start":{"line":71,"column":8},"end":{"line":71,"column":55}},"18":{"start":{"line":72,"column":8},"end":{"line":72,"column":71}},"19":{"start":{"line":73,"column":8},"end":{"line":73,"column":15}},"20":{"start":{"line":76,"column":8},"end":{"line":76,"column":19}},"21":{"start":{"line":77,"column":8},"end":{"line":77,"column":34}},"22":{"start":{"line":78,"column":8},"end":{"line":78,"column":38}},"23":{"start":{"line":79,"column":8},"end":{"line":79,"column":65}},"24":{"start":{"line":80,"column":8},"end":{"line":126,"column":12}},"25":{"start":{"line":128,"column":8},"end":{"line":132,"column":11}},"26":{"start":{"line":130,"column":12},"end":{"line":130,"column":31}},"27":{"start":{"line":130,"column":21},"end":{"line":130,"column":31},"skip":true},"28":{"start":{"line":131,"column":12},"end":{"line":131,"column":30}},"29":{"start":{"line":135,"column":0},"end":{"line":135,"column":31}}},"branchMap":{"1":{"line":64,"type":"if","locations":[{"start":{"line":64,"column":12},"end":{"line":64,"column":12},"skip":true},{"start":{"line":64,"column":12},"end":{"line":64,"column":12}}]},"2":{"line":130,"type":"if","locations":[{"start":{"line":130,"column":12},"end":{"line":130,"column":12},"skip":true},{"start":{"line":130,"column":12},"end":{"line":130,"column":12}}]}},"l":{"1":1,"2":1,"3":1,"5":1,"7":1,"9":1,"11":1,"13":1,"14":1,"15":1,"18":1,"62":1,"64":1,"65":1,"69":1,"71":1,"72":1,"73":1,"76":1,"77":1,"78":1,"79":1,"80":1,"128":1,"130":1,"131":1,"135":1}}}
