{
"/Users/mikehewitson1/src/my-weather-server/app.js":{"path":"/Users/mikehewitson1/src/my-weather-server/app.js","s":{"1":1,"2":1,"3":1,"4":1,"5":1,"6":1,"7":1,"8":1,"9":1,"10":1,"11":1,"12":1,"13":1,"14":1,"15":1,"16":1,"17":1,"18":1,"19":1,"20":1,"21":1,"22":1,"23":1,"24":1,"25":1,"26":1,"27":1,"28":1,"29":1,"30":1,"31":1,"32":1,"33":1,"34":1,"35":1,"36":1,"37":1,"38":1,"39":1,"40":1,"41":1,"42":1,"43":1,"44":1,"45":1,"46":1,"47":1,"48":1,"49":1,"50":0,"51":0,"52":1},"b":{"1":[1,0],"2":[1,0],"3":[1,0],"4":[0,0]},"f":{"1":1,"2":1,"3":1,"4":0},"fnMap":{"1":{"name":"(anonymous_1)","line":42,"loc":{"start":{"line":42,"column":16},"end":{"line":42,"column":27}}},"2":{"name":"(anonymous_2)","line":102,"loc":{"start":{"line":102,"column":8},"end":{"line":102,"column":33}}},"3":{"name":"(anonymous_3)","line":115,"loc":{"start":{"line":115,"column":12},"end":{"line":115,"column":42}},"skip":true},"4":{"name":"(anonymous_4)","line":127,"loc":{"start":{"line":127,"column":8},"end":{"line":127,"column":38}},"skip":true}},"statementMap":{"1":{"start":{"line":1,"column":0},"end":{"line":1,"column":48}},"2":{"start":{"line":2,"column":0},"end":{"line":2,"column":33}},"3":{"start":{"line":3,"column":0},"end":{"line":3,"column":58}},"4":{"start":{"line":5,"column":0},"end":{"line":5,"column":33}},"5":{"start":{"line":6,"column":0},"end":{"line":6,"column":27}},"6":{"start":{"line":7,"column":0},"end":{"line":7,"column":39}},"7":{"start":{"line":8,"column":0},"end":{"line":8,"column":31}},"8":{"start":{"line":9,"column":0},"end":{"line":9,"column":44}},"9":{"start":{"line":10,"column":0},"end":{"line":10,"column":40}},"10":{"start":{"line":12,"column":0},"end":{"line":12,"column":39}},"11":{"start":{"line":13,"column":0},"end":{"line":13,"column":38}},"12":{"start":{"line":14,"column":0},"end":{"line":14,"column":53}},"13":{"start":{"line":15,"column":0},"end":{"line":15,"column":51}},"14":{"start":{"line":16,"column":0},"end":{"line":16,"column":53}},"15":{"start":{"line":17,"column":0},"end":{"line":17,"column":53}},"16":{"start":{"line":18,"column":0},"end":{"line":18,"column":35}},"17":{"start":{"line":20,"column":0},"end":{"line":34,"column":3}},"18":{"start":{"line":36,"column":0},"end":{"line":36,"column":66}},"19":{"start":{"line":38,"column":0},"end":{"line":38,"column":127}},"20":{"start":{"line":39,"column":0},"end":{"line":39,"column":22}},"21":{"start":{"line":40,"column":0},"end":{"line":40,"column":29}},"22":{"start":{"line":41,"column":0},"end":{"line":41,"column":65}},"23":{"start":{"line":42,"column":0},"end":{"line":45,"column":3}},"24":{"start":{"line":44,"column":4},"end":{"line":44,"column":51}},"25":{"start":{"line":47,"column":0},"end":{"line":47,"column":20}},"26":{"start":{"line":50,"column":0},"end":{"line":50,"column":48}},"27":{"start":{"line":51,"column":0},"end":{"line":51,"column":31}},"28":{"start":{"line":53,"column":0},"end":{"line":53,"column":64}},"29":{"start":{"line":56,"column":0},"end":{"line":70,"column":4}},"30":{"start":{"line":72,"column":0},"end":{"line":72,"column":27}},"31":{"start":{"line":73,"column":0},"end":{"line":73,"column":52}},"32":{"start":{"line":74,"column":0},"end":{"line":74,"column":24}},"33":{"start":{"line":75,"column":0},"end":{"line":75,"column":56}},"34":{"start":{"line":77,"column":0},"end":{"line":77,"column":21}},"35":{"start":{"line":78,"column":0},"end":{"line":78,"column":25}},"36":{"start":{"line":79,"column":0},"end":{"line":79,"column":35}},"37":{"start":{"line":80,"column":0},"end":{"line":80,"column":32}},"38":{"start":{"line":81,"column":0},"end":{"line":81,"column":34}},"39":{"start":{"line":82,"column":0},"end":{"line":82,"column":34}},"40":{"start":{"line":85,"column":0},"end":{"line":99,"column":4}},"41":{"start":{"line":102,"column":0},"end":{"line":106,"column":3}},"42":{"start":{"line":103,"column":4},"end":{"line":103,"column":37}},"43":{"start":{"line":104,"column":4},"end":{"line":104,"column":21}},"44":{"start":{"line":105,"column":4},"end":{"line":105,"column":14}},"45":{"start":{"line":114,"column":0},"end":{"line":122,"column":1},"skip":true},"46":{"start":{"line":115,"column":4},"end":{"line":121,"column":7},"skip":true},"47":{"start":{"line":116,"column":8},"end":{"line":116,"column":38},"skip":true},"48":{"start":{"line":117,"column":8},"end":{"line":120,"column":11},"skip":true},"49":{"start":{"line":127,"column":0},"end":{"line":133,"column":3},"skip":true},"50":{"start":{"line":128,"column":4},"end":{"line":128,"column":34},"skip":true},"51":{"start":{"line":129,"column":4},"end":{"line":132,"column":7},"skip":true},"52":{"start":{"line":136,"column":0},"end":{"line":136,"column":21}}},"branchMap":{"1":{"line":36,"type":"binary-expr","locations":[{"start":{"line":36,"column":36},"end":{"line":36,"column":55}},{"start":{"line":36,"column":59},"end":{"line":36,"column":65}}]},"2":{"line":114,"type":"if","locations":[{"start":{"line":114,"column":0},"end":{"line":114,"column":0},"skip":true},{"start":{"line":114,"column":0},"end":{"line":114,"column":0},"skip":true}]},"3":{"line":116,"type":"binary-expr","locations":[{"start":{"line":116,"column":19},"end":{"line":116,"column":29},"skip":true},{"start":{"line":116,"column":33},"end":{"line":116,"column":36},"skip":true}]},"4":{"line":128,"type":"binary-expr","locations":[{"start":{"line":128,"column":15},"end":{"line":128,"column":25},"skip":true},{"start":{"line":128,"column":29},"end":{"line":128,"column":32},"skip":true}]}},"l":{"1":1,"2":1,"3":1,"5":1,"6":1,"7":1,"8":1,"9":1,"10":1,"12":1,"13":1,"14":1,"15":1,"16":1,"17":1,"18":1,"20":1,"36":1,"38":1,"39":1,"40":1,"41":1,"42":1,"44":1,"47":1,"50":1,"51":1,"53":1,"56":1,"72":1,"73":1,"74":1,"75":1,"77":1,"78":1,"79":1,"80":1,"81":1,"82":1,"85":1,"102":1,"103":1,"104":1,"105":1,"114":1,"115":1,"116":1,"117":1,"127":1,"128":1,"129":1,"136":1}},
"/Users/mikehewitson1/src/my-weather-server/routes/index.js":{"path":"/Users/mikehewitson1/src/my-weather-server/routes/index.js","s":{"1":1,"2":1,"3":1,"4":0,"5":1},"b":{},"f":{"1":0},"fnMap":{"1":{"name":"(anonymous_1)","line":6,"loc":{"start":{"line":6,"column":16},"end":{"line":6,"column":41}},"skip":true}},"statementMap":{"1":{"start":{"line":1,"column":0},"end":{"line":1,"column":33}},"2":{"start":{"line":2,"column":0},"end":{"line":2,"column":30}},"3":{"start":{"line":6,"column":0},"end":{"line":8,"column":3},"skip":true},"4":{"start":{"line":7,"column":4},"end":{"line":7,"column":46},"skip":true},"5":{"start":{"line":10,"column":0},"end":{"line":10,"column":24}}},"branchMap":{},"l":{"1":1,"2":1,"6":1,"7":1,"10":1}},
"/Users/mikehewitson1/src/my-weather-server/routes/users.js":{"path":"/Users/mikehewitson1/src/my-weather-server/routes/users.js","s":{"1":1,"2":1,"3":1,"4":0,"5":1},"b":{},"f":{"1":0},"fnMap":{"1":{"name":"(anonymous_1)","line":9,"loc":{"start":{"line":9,"column":16},"end":{"line":9,"column":41}},"skip":true}},"statementMap":{"1":{"start":{"line":1,"column":0},"end":{"line":1,"column":33}},"2":{"start":{"line":2,"column":0},"end":{"line":2,"column":30}},"3":{"start":{"line":9,"column":0},"end":{"line":11,"column":3},"skip":true},"4":{"start":{"line":10,"column":2},"end":{"line":10,"column":38},"skip":true},"5":{"start":{"line":13,"column":0},"end":{"line":13,"column":24}}},"branchMap":{},"l":{"1":1,"2":1,"9":1,"10":1,"13":1}},
"/Users/mikehewitson1/src/my-weather-server/routes/readingRouter.js":{"path":"/Users/mikehewitson1/src/my-weather-server/routes/readingRouter.js","s":{"1":1,"2":1,"3":1,"4":1,"5":1,"6":1,"7":1,"8":1,"9":1,"10":1,"11":3,"12":3,"13":3,"14":1,"15":1,"16":0,"17":1,"18":1,"19":1,"20":0,"21":0,"22":0,"23":0,"24":1,"25":1,"26":1,"27":1,"28":1,"29":1,"30":0,"31":1,"32":1,"33":3,"34":3,"35":3,"36":1,"37":1,"38":0,"39":1,"40":1,"41":1,"42":0,"43":1,"44":1,"45":1,"46":0,"47":1,"48":1,"49":2,"50":2,"51":2,"52":1,"53":1,"54":0,"55":1,"56":1,"57":1,"58":0,"59":1,"60":1,"61":1,"62":0,"63":1,"64":1,"65":1},"b":{"1":[0,1],"2":[0,1],"3":[0,1],"4":[0,1],"5":[0,1],"6":[0,1],"7":[0,1],"8":[0,1],"9":[0,1]},"f":{"1":3,"2":1,"3":1,"4":1,"5":1,"6":1,"7":1,"8":3,"9":1,"10":1,"11":1,"12":1,"13":1,"14":1,"15":2,"16":1,"17":1,"18":1,"19":1,"20":1},"fnMap":{"1":{"name":"(anonymous_1)","line":31,"loc":{"start":{"line":31,"column":9},"end":{"line":31,"column":34}}},"2":{"name":"(anonymous_2)","line":36,"loc":{"start":{"line":36,"column":9},"end":{"line":36,"column":34}}},"3":{"name":"(anonymous_3)","line":37,"loc":{"start":{"line":37,"column":26},"end":{"line":37,"column":49}}},"4":{"name":"(anonymous_4)","line":43,"loc":{"start":{"line":43,"column":10},"end":{"line":43,"column":35}}},"5":{"name":"(anonymous_5)","line":45,"loc":{"start":{"line":45,"column":34},"end":{"line":45,"column":57}}},"6":{"name":"(anonymous_6)","line":67,"loc":{"start":{"line":67,"column":12},"end":{"line":67,"column":37}}},"7":{"name":"(anonymous_7)","line":68,"loc":{"start":{"line":68,"column":28},"end":{"line":68,"column":48}}},"8":{"name":"(anonymous_8)","line":76,"loc":{"start":{"line":76,"column":9},"end":{"line":76,"column":34}}},"9":{"name":"(anonymous_9)","line":81,"loc":{"start":{"line":81,"column":9},"end":{"line":81,"column":34}}},"10":{"name":"(anonymous_10)","line":82,"loc":{"start":{"line":82,"column":48},"end":{"line":82,"column":71}}},"11":{"name":"(anonymous_11)","line":88,"loc":{"start":{"line":88,"column":9},"end":{"line":88,"column":34}}},"12":{"name":"(anonymous_12)","line":93,"loc":{"start":{"line":93,"column":11},"end":{"line":93,"column":34}}},"13":{"name":"(anonymous_13)","line":99,"loc":{"start":{"line":99,"column":12},"end":{"line":99,"column":37}}},"14":{"name":"(anonymous_14)","line":100,"loc":{"start":{"line":100,"column":57},"end":{"line":100,"column":77}}},"15":{"name":"(anonymous_15)","line":108,"loc":{"start":{"line":108,"column":9},"end":{"line":108,"column":34}}},"16":{"name":"(anonymous_16)","line":113,"loc":{"start":{"line":113,"column":9},"end":{"line":113,"column":34}}},"17":{"name":"(anonymous_17)","line":114,"loc":{"start":{"line":114,"column":48},"end":{"line":114,"column":71}}},"18":{"name":"(anonymous_18)","line":120,"loc":{"start":{"line":120,"column":10},"end":{"line":120,"column":35}}},"19":{"name":"(anonymous_19)","line":121,"loc":{"start":{"line":121,"column":48},"end":{"line":121,"column":71}}},"20":{"name":"(anonymous_20)","line":125,"loc":{"start":{"line":125,"column":25},"end":{"line":125,"column":48}}}},"statementMap":{"1":{"start":{"line":1,"column":0},"end":{"line":1,"column":33}},"2":{"start":{"line":2,"column":0},"end":{"line":2,"column":40}},"3":{"start":{"line":3,"column":0},"end":{"line":3,"column":35}},"4":{"start":{"line":4,"column":0},"end":{"line":4,"column":33}},"5":{"start":{"line":5,"column":0},"end":{"line":5,"column":58}},"6":{"start":{"line":7,"column":0},"end":{"line":21,"column":3}},"7":{"start":{"line":24,"column":0},"end":{"line":24,"column":45}},"8":{"start":{"line":26,"column":0},"end":{"line":26,"column":37}},"9":{"start":{"line":28,"column":0},"end":{"line":28,"column":37}},"10":{"start":{"line":30,"column":0},"end":{"line":73,"column":7}},"11":{"start":{"line":32,"column":8},"end":{"line":32,"column":55}},"12":{"start":{"line":33,"column":8},"end":{"line":33,"column":71}},"13":{"start":{"line":34,"column":8},"end":{"line":34,"column":15}},"14":{"start":{"line":37,"column":8},"end":{"line":41,"column":11}},"15":{"start":{"line":39,"column":12},"end":{"line":39,"column":31}},"16":{"start":{"line":39,"column":21},"end":{"line":39,"column":31},"skip":true},"17":{"start":{"line":40,"column":12},"end":{"line":40,"column":30}},"18":{"start":{"line":45,"column":8},"end":{"line":65,"column":11}},"19":{"start":{"line":47,"column":12},"end":{"line":64,"column":13}},"20":{"start":{"line":48,"column":16},"end":{"line":48,"column":36},"skip":true},"21":{"start":{"line":50,"column":16},"end":{"line":50,"column":41},"skip":true},"22":{"start":{"line":51,"column":16},"end":{"line":53,"column":19},"skip":true},"23":{"start":{"line":54,"column":16},"end":{"line":54,"column":55},"skip":true},"24":{"start":{"line":57,"column":16},"end":{"line":57,"column":48}},"25":{"start":{"line":58,"column":16},"end":{"line":58,"column":37}},"26":{"start":{"line":60,"column":16},"end":{"line":62,"column":19}},"27":{"start":{"line":63,"column":16},"end":{"line":63,"column":60}},"28":{"start":{"line":68,"column":8},"end":{"line":72,"column":11}},"29":{"start":{"line":70,"column":12},"end":{"line":70,"column":31}},"30":{"start":{"line":70,"column":21},"end":{"line":70,"column":31},"skip":true},"31":{"start":{"line":71,"column":12},"end":{"line":71,"column":27}},"32":{"start":{"line":75,"column":0},"end":{"line":105,"column":7}},"33":{"start":{"line":77,"column":8},"end":{"line":77,"column":55}},"34":{"start":{"line":78,"column":8},"end":{"line":78,"column":71}},"35":{"start":{"line":79,"column":8},"end":{"line":79,"column":15}},"36":{"start":{"line":82,"column":8},"end":{"line":86,"column":11}},"37":{"start":{"line":84,"column":12},"end":{"line":84,"column":31}},"38":{"start":{"line":84,"column":21},"end":{"line":84,"column":31},"skip":true},"39":{"start":{"line":85,"column":12},"end":{"line":85,"column":30}},"40":{"start":{"line":89,"column":8},"end":{"line":97,"column":11}},"41":{"start":{"line":95,"column":12},"end":{"line":95,"column":31}},"42":{"start":{"line":95,"column":21},"end":{"line":95,"column":31},"skip":true},"43":{"start":{"line":96,"column":12},"end":{"line":96,"column":30}},"44":{"start":{"line":100,"column":8},"end":{"line":104,"column":11}},"45":{"start":{"line":102,"column":12},"end":{"line":102,"column":31}},"46":{"start":{"line":102,"column":21},"end":{"line":102,"column":31},"skip":true},"47":{"start":{"line":103,"column":12},"end":{"line":103,"column":27}},"48":{"start":{"line":107,"column":0},"end":{"line":132,"column":7}},"49":{"start":{"line":109,"column":8},"end":{"line":109,"column":55}},"50":{"start":{"line":110,"column":8},"end":{"line":110,"column":71}},"51":{"start":{"line":111,"column":8},"end":{"line":111,"column":15}},"52":{"start":{"line":114,"column":8},"end":{"line":118,"column":11}},"53":{"start":{"line":116,"column":12},"end":{"line":116,"column":31}},"54":{"start":{"line":116,"column":21},"end":{"line":116,"column":31},"skip":true},"55":{"start":{"line":117,"column":12},"end":{"line":117,"column":38}},"56":{"start":{"line":121,"column":8},"end":{"line":131,"column":11}},"57":{"start":{"line":123,"column":12},"end":{"line":123,"column":31}},"58":{"start":{"line":123,"column":21},"end":{"line":123,"column":31},"skip":true},"59":{"start":{"line":124,"column":12},"end":{"line":124,"column":43}},"60":{"start":{"line":125,"column":12},"end":{"line":130,"column":15}},"61":{"start":{"line":127,"column":16},"end":{"line":127,"column":35}},"62":{"start":{"line":127,"column":25},"end":{"line":127,"column":35},"skip":true},"63":{"start":{"line":128,"column":16},"end":{"line":128,"column":48}},"64":{"start":{"line":129,"column":16},"end":{"line":129,"column":34}},"65":{"start":{"line":134,"column":0},"end":{"line":134,"column":31}}},"branchMap":{"1":{"line":39,"type":"if","locations":[{"start":{"line":39,"column":12},"end":{"line":39,"column":12},"skip":true},{"start":{"line":39,"column":12},"end":{"line":39,"column":12}}]},"2":{"line":47,"type":"if","locations":[{"start":{"line":47,"column":12},"end":{"line":47,"column":12},"skip":true},{"start":{"line":47,"column":12},"end":{"line":47,"column":12}}]},"3":{"line":70,"type":"if","locations":[{"start":{"line":70,"column":12},"end":{"line":70,"column":12},"skip":true},{"start":{"line":70,"column":12},"end":{"line":70,"column":12}}]},"4":{"line":84,"type":"if","locations":[{"start":{"line":84,"column":12},"end":{"line":84,"column":12},"skip":true},{"start":{"line":84,"column":12},"end":{"line":84,"column":12}}]},"5":{"line":95,"type":"if","locations":[{"start":{"line":95,"column":12},"end":{"line":95,"column":12},"skip":true},{"start":{"line":95,"column":12},"end":{"line":95,"column":12}}]},"6":{"line":102,"type":"if","locations":[{"start":{"line":102,"column":12},"end":{"line":102,"column":12},"skip":true},{"start":{"line":102,"column":12},"end":{"line":102,"column":12}}]},"7":{"line":116,"type":"if","locations":[{"start":{"line":116,"column":12},"end":{"line":116,"column":12},"skip":true},{"start":{"line":116,"column":12},"end":{"line":116,"column":12}}]},"8":{"line":123,"type":"if","locations":[{"start":{"line":123,"column":12},"end":{"line":123,"column":12},"skip":true},{"start":{"line":123,"column":12},"end":{"line":123,"column":12}}]},"9":{"line":127,"type":"if","locations":[{"start":{"line":127,"column":16},"end":{"line":127,"column":16},"skip":true},{"start":{"line":127,"column":16},"end":{"line":127,"column":16}}]}},"l":{"1":1,"2":1,"3":1,"4":1,"5":1,"7":1,"24":1,"26":1,"28":1,"30":1,"32":3,"33":3,"34":3,"37":1,"39":1,"40":1,"45":1,"47":1,"48":1,"50":1,"51":1,"54":1,"57":1,"58":1,"60":1,"63":1,"68":1,"70":1,"71":1,"75":1,"77":3,"78":3,"79":3,"82":1,"84":1,"85":1,"89":1,"95":1,"96":1,"100":1,"102":1,"103":1,"107":1,"109":2,"110":2,"111":2,"114":1,"116":1,"117":1,"121":1,"123":1,"124":1,"125":1,"127":1,"128":1,"129":1,"134":1}},
"/Users/mikehewitson1/src/my-weather-server/models/readings.js":{"path":"/Users/mikehewitson1/src/my-weather-server/models/readings.js","s":{"1":1,"2":1,"3":1,"4":1,"5":1,"6":1},"b":{},"f":{},"fnMap":{},"statementMap":{"1":{"start":{"line":2,"column":0},"end":{"line":2,"column":35}},"2":{"start":{"line":3,"column":0},"end":{"line":3,"column":29}},"3":{"start":{"line":5,"column":0},"end":{"line":44,"column":3}},"4":{"start":{"line":47,"column":0},"end":{"line":56,"column":3}},"5":{"start":{"line":60,"column":0},"end":{"line":60,"column":57}},"6":{"start":{"line":63,"column":0},"end":{"line":63,"column":26}}},"branchMap":{},"l":{"2":1,"3":1,"5":1,"47":1,"60":1,"63":1}},
"/Users/mikehewitson1/src/my-weather-server/routes/latestRouter.js":{"path":"/Users/mikehewitson1/src/my-weather-server/routes/latestRouter.js","s":{"1":1,"2":1,"3":1,"4":1,"5":1,"6":1,"7":1,"8":1,"9":1,"10":1,"11":1,"12":1,"13":1,"14":0,"15":1,"16":1},"b":{"1":[0,1]},"f":{"1":1,"2":1,"3":1},"fnMap":{"1":{"name":"(anonymous_1)","line":13,"loc":{"start":{"line":13,"column":9},"end":{"line":13,"column":34}}},"2":{"name":"(anonymous_2)","line":18,"loc":{"start":{"line":18,"column":9},"end":{"line":18,"column":34}}},"3":{"name":"(anonymous_3)","line":20,"loc":{"start":{"line":20,"column":19},"end":{"line":20,"column":42}}}},"statementMap":{"1":{"start":{"line":1,"column":0},"end":{"line":1,"column":33}},"2":{"start":{"line":2,"column":0},"end":{"line":2,"column":40}},"3":{"start":{"line":3,"column":0},"end":{"line":3,"column":35}},"4":{"start":{"line":5,"column":0},"end":{"line":5,"column":45}},"5":{"start":{"line":7,"column":0},"end":{"line":7,"column":36}},"6":{"start":{"line":9,"column":0},"end":{"line":9,"column":36}},"7":{"start":{"line":12,"column":0},"end":{"line":25,"column":7}},"8":{"start":{"line":14,"column":8},"end":{"line":14,"column":55}},"9":{"start":{"line":15,"column":8},"end":{"line":15,"column":71}},"10":{"start":{"line":16,"column":8},"end":{"line":16,"column":15}},"11":{"start":{"line":19,"column":8},"end":{"line":19,"column":68}},"12":{"start":{"line":20,"column":8},"end":{"line":24,"column":11}},"13":{"start":{"line":22,"column":12},"end":{"line":22,"column":31}},"14":{"start":{"line":22,"column":21},"end":{"line":22,"column":31},"skip":true},"15":{"start":{"line":23,"column":12},"end":{"line":23,"column":30}},"16":{"start":{"line":27,"column":0},"end":{"line":27,"column":30}}},"branchMap":{"1":{"line":22,"type":"if","locations":[{"start":{"line":22,"column":12},"end":{"line":22,"column":12},"skip":true},{"start":{"line":22,"column":12},"end":{"line":22,"column":12}}]}},"l":{"1":1,"2":1,"3":1,"5":1,"7":1,"9":1,"12":1,"14":1,"15":1,"16":1,"19":1,"20":1,"22":1,"23":1,"27":1}},
"/Users/mikehewitson1/src/my-weather-server/routes/historyRouter.js":{"path":"/Users/mikehewitson1/src/my-weather-server/routes/historyRouter.js","s":{"1":1,"2":1,"3":1,"4":1,"5":1,"6":1,"7":1,"8":1,"9":1,"10":1,"11":1,"12":1,"13":1,"14":0,"15":1,"16":1,"17":1,"18":1,"19":1,"20":1,"21":1,"22":1,"23":1,"24":1,"25":1,"26":1,"27":1,"28":0,"29":1,"30":1},"b":{"1":[0,1],"2":[0,1]},"f":{"1":1,"2":1,"3":1,"4":1,"5":1,"6":1},"fnMap":{"1":{"name":"(anonymous_1)","line":12,"loc":{"start":{"line":12,"column":9},"end":{"line":12,"column":34}}},"2":{"name":"(anonymous_2)","line":17,"loc":{"start":{"line":17,"column":9},"end":{"line":17,"column":34}}},"3":{"name":"(anonymous_3)","line":22,"loc":{"start":{"line":22,"column":19},"end":{"line":22,"column":42}}},"4":{"name":"(anonymous_4)","line":30,"loc":{"start":{"line":30,"column":9},"end":{"line":30,"column":34}}},"5":{"name":"(anonymous_5)","line":35,"loc":{"start":{"line":35,"column":9},"end":{"line":35,"column":34}}},"6":{"name":"(anonymous_6)","line":58,"loc":{"start":{"line":58,"column":19},"end":{"line":58,"column":42}}}},"statementMap":{"1":{"start":{"line":1,"column":0},"end":{"line":1,"column":33}},"2":{"start":{"line":2,"column":0},"end":{"line":2,"column":40}},"3":{"start":{"line":3,"column":0},"end":{"line":3,"column":35}},"4":{"start":{"line":5,"column":0},"end":{"line":5,"column":45}},"5":{"start":{"line":7,"column":0},"end":{"line":7,"column":37}},"6":{"start":{"line":9,"column":0},"end":{"line":9,"column":37}},"7":{"start":{"line":11,"column":0},"end":{"line":27,"column":7}},"8":{"start":{"line":13,"column":8},"end":{"line":13,"column":55}},"9":{"start":{"line":14,"column":8},"end":{"line":14,"column":71}},"10":{"start":{"line":15,"column":8},"end":{"line":15,"column":15}},"11":{"start":{"line":19,"column":8},"end":{"line":20,"column":31}},"12":{"start":{"line":22,"column":8},"end":{"line":26,"column":11}},"13":{"start":{"line":24,"column":12},"end":{"line":24,"column":31}},"14":{"start":{"line":24,"column":21},"end":{"line":24,"column":31},"skip":true},"15":{"start":{"line":25,"column":12},"end":{"line":25,"column":30}},"16":{"start":{"line":29,"column":0},"end":{"line":63,"column":7}},"17":{"start":{"line":31,"column":8},"end":{"line":31,"column":55}},"18":{"start":{"line":32,"column":8},"end":{"line":32,"column":71}},"19":{"start":{"line":33,"column":8},"end":{"line":33,"column":15}},"20":{"start":{"line":36,"column":8},"end":{"line":36,"column":19}},"21":{"start":{"line":37,"column":8},"end":{"line":37,"column":34}},"22":{"start":{"line":38,"column":8},"end":{"line":38,"column":52}},"23":{"start":{"line":39,"column":8},"end":{"line":39,"column":38}},"24":{"start":{"line":40,"column":8},"end":{"line":40,"column":53}},"25":{"start":{"line":41,"column":8},"end":{"line":57,"column":12}},"26":{"start":{"line":58,"column":8},"end":{"line":62,"column":11}},"27":{"start":{"line":60,"column":12},"end":{"line":60,"column":31}},"28":{"start":{"line":60,"column":21},"end":{"line":60,"column":31},"skip":true},"29":{"start":{"line":61,"column":12},"end":{"line":61,"column":30}},"30":{"start":{"line":65,"column":0},"end":{"line":65,"column":31}}},"branchMap":{"1":{"line":24,"type":"if","locations":[{"start":{"line":24,"column":12},"end":{"line":24,"column":12},"skip":true},{"start":{"line":24,"column":12},"end":{"line":24,"column":12}}]},"2":{"line":60,"type":"if","locations":[{"start":{"line":60,"column":12},"end":{"line":60,"column":12},"skip":true},{"start":{"line":60,"column":12},"end":{"line":60,"column":12}}]}},"l":{"1":1,"2":1,"3":1,"5":1,"7":1,"9":1,"11":1,"13":1,"14":1,"15":1,"19":1,"22":1,"24":1,"25":1,"29":1,"31":1,"32":1,"33":1,"36":1,"37":1,"38":1,"39":1,"40":1,"41":1,"58":1,"60":1,"61":1,"65":1}},
"/Users/mikehewitson1/src/my-weather-server/routes/summaryRouter.js":{"path":"/Users/mikehewitson1/src/my-weather-server/routes/summaryRouter.js","s":{"1":1,"2":1,"3":1,"4":1,"5":1,"6":1,"7":1,"8":1,"9":1,"10":1,"11":1,"12":1,"13":1,"14":0,"15":1,"16":1,"17":1,"18":1,"19":1,"20":1,"21":1,"22":1,"23":1,"24":1,"25":1,"26":1,"27":0,"28":1,"29":1},"b":{"1":[0,1],"2":[0,1]},"f":{"1":1,"2":1,"3":1,"4":1,"5":1,"6":1},"fnMap":{"1":{"name":"(anonymous_1)","line":12,"loc":{"start":{"line":12,"column":9},"end":{"line":12,"column":34}}},"2":{"name":"(anonymous_2)","line":17,"loc":{"start":{"line":17,"column":9},"end":{"line":17,"column":34}}},"3":{"name":"(anonymous_3)","line":80,"loc":{"start":{"line":80,"column":19},"end":{"line":80,"column":42}}},"4":{"name":"(anonymous_4)","line":88,"loc":{"start":{"line":88,"column":9},"end":{"line":88,"column":34}}},"5":{"name":"(anonymous_5)","line":93,"loc":{"start":{"line":93,"column":9},"end":{"line":93,"column":34}}},"6":{"name":"(anonymous_6)","line":164,"loc":{"start":{"line":164,"column":19},"end":{"line":164,"column":42}}}},"statementMap":{"1":{"start":{"line":1,"column":0},"end":{"line":1,"column":33}},"2":{"start":{"line":2,"column":0},"end":{"line":2,"column":40}},"3":{"start":{"line":3,"column":0},"end":{"line":3,"column":35}},"4":{"start":{"line":5,"column":0},"end":{"line":5,"column":45}},"5":{"start":{"line":7,"column":0},"end":{"line":7,"column":37}},"6":{"start":{"line":9,"column":0},"end":{"line":9,"column":37}},"7":{"start":{"line":11,"column":0},"end":{"line":85,"column":7}},"8":{"start":{"line":13,"column":8},"end":{"line":13,"column":55}},"9":{"start":{"line":14,"column":8},"end":{"line":14,"column":71}},"10":{"start":{"line":15,"column":8},"end":{"line":15,"column":15}},"11":{"start":{"line":18,"column":8},"end":{"line":78,"column":12}},"12":{"start":{"line":80,"column":8},"end":{"line":84,"column":11}},"13":{"start":{"line":82,"column":12},"end":{"line":82,"column":31}},"14":{"start":{"line":82,"column":21},"end":{"line":82,"column":31},"skip":true},"15":{"start":{"line":83,"column":12},"end":{"line":83,"column":30}},"16":{"start":{"line":87,"column":0},"end":{"line":169,"column":7}},"17":{"start":{"line":89,"column":8},"end":{"line":89,"column":55}},"18":{"start":{"line":90,"column":8},"end":{"line":90,"column":71}},"19":{"start":{"line":91,"column":8},"end":{"line":91,"column":15}},"20":{"start":{"line":94,"column":8},"end":{"line":94,"column":19}},"21":{"start":{"line":95,"column":8},"end":{"line":95,"column":34}},"22":{"start":{"line":96,"column":8},"end":{"line":96,"column":38}},"23":{"start":{"line":97,"column":8},"end":{"line":97,"column":65}},"24":{"start":{"line":98,"column":8},"end":{"line":162,"column":12}},"25":{"start":{"line":164,"column":8},"end":{"line":168,"column":11}},"26":{"start":{"line":166,"column":12},"end":{"line":166,"column":31}},"27":{"start":{"line":166,"column":21},"end":{"line":166,"column":31},"skip":true},"28":{"start":{"line":167,"column":12},"end":{"line":167,"column":30}},"29":{"start":{"line":171,"column":0},"end":{"line":171,"column":31}}},"branchMap":{"1":{"line":82,"type":"if","locations":[{"start":{"line":82,"column":12},"end":{"line":82,"column":12},"skip":true},{"start":{"line":82,"column":12},"end":{"line":82,"column":12}}]},"2":{"line":166,"type":"if","locations":[{"start":{"line":166,"column":12},"end":{"line":166,"column":12},"skip":true},{"start":{"line":166,"column":12},"end":{"line":166,"column":12}}]}},"l":{"1":1,"2":1,"3":1,"5":1,"7":1,"9":1,"11":1,"13":1,"14":1,"15":1,"18":1,"80":1,"82":1,"83":1,"87":1,"89":1,"90":1,"91":1,"94":1,"95":1,"96":1,"97":1,"98":1,"164":1,"166":1,"167":1,"171":1}}}
