TN:
SF:/Users/mikehewitson1/src/pi-fridge-controller-server/app.js
FN:40,(anonymous_1)
FN:104,(anonymous_2)
FN:117,(anonymous_3)
FN:129,(anonymous_4)
FNF:4
FNH:4
FNDA:1,(anonymous_1)
FNDA:1,(anonymous_2)
FNDA:1,(anonymous_3)
FNDA:0,(anonymous_4)
DA:1,1
DA:2,1
DA:3,1
DA:5,1
DA:6,1
DA:7,1
DA:8,1
DA:9,1
DA:10,1
DA:12,1
DA:13,1
DA:14,1
DA:15,1
DA:16,1
DA:17,1
DA:18,1
DA:20,1
DA:36,1
DA:37,1
DA:38,1
DA:39,1
DA:40,1
DA:42,1
DA:45,1
DA:48,1
DA:49,1
DA:55,1
DA:73,1
DA:74,1
DA:75,1
DA:76,1
DA:78,1
DA:79,1
DA:80,1
DA:81,1
DA:82,1
DA:83,1
DA:86,1
DA:104,1
DA:105,1
DA:106,1
DA:107,1
DA:116,1
DA:117,1
DA:118,1
DA:119,1
DA:129,1
DA:130,1
DA:131,1
DA:138,1
LF:50
LH:50
BRDA:116,1,0,1
BRDA:116,1,1,0
BRDA:118,2,0,1
BRDA:118,2,1,0
BRDA:130,3,0,0
BRDA:130,3,1,0
BRF:6
BRH:6
end_of_record
TN:
SF:/Users/mikehewitson1/src/pi-fridge-controller-server/routes/index.js
FN:6,(anonymous_1)
FNF:1
FNH:1
FNDA:0,(anonymous_1)
DA:1,1
DA:2,1
DA:6,1
DA:7,1
DA:10,1
LF:5
LH:5
BRF:0
BRH:0
end_of_record
TN:
SF:/Users/mikehewitson1/src/pi-fridge-controller-server/routes/users.js
FN:9,(anonymous_1)
FNF:1
FNH:1
FNDA:0,(anonymous_1)
DA:1,1
DA:2,1
DA:9,1
DA:10,1
DA:13,1
LF:5
LH:5
BRF:0
BRH:0
end_of_record
TN:
SF:/Users/mikehewitson1/src/pi-fridge-controller-server/routes/readingRouter.js
FN:33,(anonymous_1)
FN:38,(anonymous_2)
FN:39,(anonymous_3)
FN:45,(anonymous_4)
FN:52,(anonymous_5)
FN:74,(anonymous_6)
FN:75,(anonymous_7)
FN:83,(anonymous_8)
FN:88,(anonymous_9)
FN:89,(anonymous_10)
FN:95,(anonymous_11)
FN:100,(anonymous_12)
FN:106,(anonymous_13)
FN:107,(anonymous_14)
FN:115,(anonymous_15)
FN:120,(anonymous_16)
FN:121,(anonymous_17)
FN:127,(anonymous_18)
FN:128,(anonymous_19)
FN:132,(anonymous_20)
FNF:20
FNH:20
FNDA:3,(anonymous_1)
FNDA:1,(anonymous_2)
FNDA:1,(anonymous_3)
FNDA:1,(anonymous_4)
FNDA:1,(anonymous_5)
FNDA:1,(anonymous_6)
FNDA:1,(anonymous_7)
FNDA:3,(anonymous_8)
FNDA:1,(anonymous_9)
FNDA:1,(anonymous_10)
FNDA:1,(anonymous_11)
FNDA:1,(anonymous_12)
FNDA:1,(anonymous_13)
FNDA:1,(anonymous_14)
FNDA:2,(anonymous_15)
FNDA:1,(anonymous_16)
FNDA:1,(anonymous_17)
FNDA:1,(anonymous_18)
FNDA:1,(anonymous_19)
FNDA:1,(anonymous_20)
DA:1,1
DA:2,1
DA:3,1
DA:4,1
DA:5,1
DA:6,1
DA:7,1
DA:9,1
DA:26,1
DA:28,1
DA:30,1
DA:32,1
DA:34,3
DA:35,3
DA:36,3
DA:39,1
DA:41,1
DA:42,1
DA:52,1
DA:54,1
DA:55,1
DA:57,1
DA:58,1
DA:61,1
DA:64,1
DA:65,1
DA:67,1
DA:70,1
DA:75,1
DA:77,1
DA:78,1
DA:82,1
DA:84,3
DA:85,3
DA:86,3
DA:89,1
DA:91,1
DA:92,1
DA:96,1
DA:102,1
DA:103,1
DA:107,1
DA:109,1
DA:110,1
DA:114,1
DA:116,2
DA:117,2
DA:118,2
DA:121,1
DA:123,1
DA:124,1
DA:128,1
DA:130,1
DA:131,1
DA:132,1
DA:134,1
DA:135,1
DA:136,1
DA:192,1
LF:59
LH:59
BRDA:41,1,0,0
BRDA:41,1,1,1
BRDA:54,2,0,0
BRDA:54,2,1,1
BRDA:77,3,0,0
BRDA:77,3,1,1
BRDA:91,4,0,0
BRDA:91,4,1,1
BRDA:102,5,0,0
BRDA:102,5,1,1
BRDA:109,6,0,0
BRDA:109,6,1,1
BRDA:123,7,0,0
BRDA:123,7,1,1
BRDA:130,8,0,0
BRDA:130,8,1,1
BRDA:134,9,0,0
BRDA:134,9,1,1
BRF:18
BRH:18
end_of_record
TN:
SF:/Users/mikehewitson1/src/pi-fridge-controller-server/models/readings.js
FNF:0
FNH:0
DA:2,1
DA:3,1
DA:5,1
DA:29,1
DA:42,1
DA:45,1
LF:6
LH:6
BRF:0
BRH:0
end_of_record
TN:
SF:/Users/mikehewitson1/src/pi-fridge-controller-server/routes/latestRouter.js
FN:13,(anonymous_1)
FN:18,(anonymous_2)
FN:20,(anonymous_3)
FNF:3
FNH:3
FNDA:1,(anonymous_1)
FNDA:1,(anonymous_2)
FNDA:1,(anonymous_3)
DA:1,1
DA:2,1
DA:3,1
DA:5,1
DA:7,1
DA:9,1
DA:12,1
DA:14,1
DA:15,1
DA:16,1
DA:19,1
DA:20,1
DA:22,1
DA:23,1
DA:27,1
LF:15
LH:15
BRDA:22,1,0,0
BRDA:22,1,1,1
BRF:2
BRH:2
end_of_record
TN:
SF:/Users/mikehewitson1/src/pi-fridge-controller-server/routes/historyRouter.js
FN:12,(anonymous_1)
FN:17,(anonymous_2)
FN:22,(anonymous_3)
FN:30,(anonymous_4)
FN:35,(anonymous_5)
FN:65,(anonymous_6)
FNF:6
FNH:6
FNDA:1,(anonymous_1)
FNDA:1,(anonymous_2)
FNDA:1,(anonymous_3)
FNDA:1,(anonymous_4)
FNDA:1,(anonymous_5)
FNDA:1,(anonymous_6)
DA:1,1
DA:2,1
DA:3,1
DA:5,1
DA:7,1
DA:9,1
DA:11,1
DA:13,1
DA:14,1
DA:15,1
DA:19,1
DA:22,1
DA:24,1
DA:25,1
DA:29,1
DA:31,1
DA:32,1
DA:33,1
DA:36,1
DA:37,1
DA:38,1
DA:39,1
DA:40,1
DA:41,1
DA:65,1
DA:67,1
DA:68,1
DA:72,1
LF:28
LH:28
BRDA:24,1,0,0
BRDA:24,1,1,1
BRDA:67,2,0,0
BRDA:67,2,1,1
BRF:4
BRH:4
end_of_record
TN:
SF:/Users/mikehewitson1/src/pi-fridge-controller-server/routes/summaryRouter.js
FN:12,(anonymous_1)
FN:17,(anonymous_2)
FN:62,(anonymous_3)
FN:70,(anonymous_4)
FN:75,(anonymous_5)
FN:128,(anonymous_6)
FNF:6
FNH:6
FNDA:1,(anonymous_1)
FNDA:1,(anonymous_2)
FNDA:1,(anonymous_3)
FNDA:1,(anonymous_4)
FNDA:1,(anonymous_5)
FNDA:1,(anonymous_6)
DA:1,1
DA:2,1
DA:3,1
DA:5,1
DA:7,1
DA:9,1
DA:11,1
DA:13,1
DA:14,1
DA:15,1
DA:18,1
DA:62,1
DA:64,1
DA:65,1
DA:69,1
DA:71,1
DA:72,1
DA:73,1
DA:76,1
DA:77,1
DA:78,1
DA:79,1
DA:80,1
DA:128,1
DA:130,1
DA:131,1
DA:135,1
LF:27
LH:27
BRDA:64,1,0,0
BRDA:64,1,1,1
BRDA:130,2,0,0
BRDA:130,2,1,1
BRF:4
BRH:4
end_of_record
