TN:
SF:/Users/mikehewitson1/src/my-weather-server/app.js
FN:42,(anonymous_1)
FN:102,(anonymous_2)
FN:115,(anonymous_3)
FN:127,(anonymous_4)
FNF:4
FNH:4
FNDA:1,(anonymous_1)
FNDA:1,(anonymous_2)
FNDA:1,(anonymous_3)
FNDA:0,(anonymous_4)
DA:1,1
DA:2,1
DA:3,1
DA:5,1
DA:6,1
DA:7,1
DA:8,1
DA:9,1
DA:10,1
DA:12,1
DA:13,1
DA:14,1
DA:15,1
DA:16,1
DA:17,1
DA:18,1
DA:20,1
DA:36,1
DA:38,1
DA:39,1
DA:40,1
DA:41,1
DA:42,1
DA:44,1
DA:47,1
DA:50,1
DA:51,1
DA:53,1
DA:56,1
DA:72,1
DA:73,1
DA:74,1
DA:75,1
DA:77,1
DA:78,1
DA:79,1
DA:80,1
DA:81,1
DA:82,1
DA:85,1
DA:102,1
DA:103,1
DA:104,1
DA:105,1
DA:114,1
DA:115,1
DA:116,1
DA:117,1
DA:127,1
DA:128,1
DA:129,1
DA:136,1
LF:52
LH:52
BRDA:36,1,0,1
BRDA:36,1,1,0
BRDA:114,2,0,1
BRDA:114,2,1,0
BRDA:116,3,0,1
BRDA:116,3,1,0
BRDA:128,4,0,0
BRDA:128,4,1,0
BRF:8
BRH:7
end_of_record
TN:
SF:/Users/mikehewitson1/src/my-weather-server/routes/index.js
FN:6,(anonymous_1)
FNF:1
FNH:1
FNDA:0,(anonymous_1)
DA:1,1
DA:2,1
DA:6,1
DA:7,1
DA:10,1
LF:5
LH:5
BRF:0
BRH:0
end_of_record
TN:
SF:/Users/mikehewitson1/src/my-weather-server/routes/users.js
FN:9,(anonymous_1)
FNF:1
FNH:1
FNDA:0,(anonymous_1)
DA:1,1
DA:2,1
DA:9,1
DA:10,1
DA:13,1
LF:5
LH:5
BRF:0
BRH:0
end_of_record
TN:
SF:/Users/mikehewitson1/src/my-weather-server/routes/readingRouter.js
FN:31,(anonymous_1)
FN:36,(anonymous_2)
FN:37,(anonymous_3)
FN:43,(anonymous_4)
FN:45,(anonymous_5)
FN:67,(anonymous_6)
FN:68,(anonymous_7)
FN:76,(anonymous_8)
FN:81,(anonymous_9)
FN:82,(anonymous_10)
FN:88,(anonymous_11)
FN:93,(anonymous_12)
FN:99,(anonymous_13)
FN:100,(anonymous_14)
FN:108,(anonymous_15)
FN:113,(anonymous_16)
FN:114,(anonymous_17)
FN:120,(anonymous_18)
FN:121,(anonymous_19)
FN:125,(anonymous_20)
FNF:20
FNH:20
FNDA:3,(anonymous_1)
FNDA:1,(anonymous_2)
FNDA:1,(anonymous_3)
FNDA:1,(anonymous_4)
FNDA:1,(anonymous_5)
FNDA:1,(anonymous_6)
FNDA:1,(anonymous_7)
FNDA:3,(anonymous_8)
FNDA:1,(anonymous_9)
FNDA:1,(anonymous_10)
FNDA:1,(anonymous_11)
FNDA:1,(anonymous_12)
FNDA:1,(anonymous_13)
FNDA:1,(anonymous_14)
FNDA:2,(anonymous_15)
FNDA:1,(anonymous_16)
FNDA:1,(anonymous_17)
FNDA:1,(anonymous_18)
FNDA:1,(anonymous_19)
FNDA:1,(anonymous_20)
DA:1,1
DA:2,1
DA:3,1
DA:4,1
DA:5,1
DA:7,1
DA:24,1
DA:26,1
DA:28,1
DA:30,1
DA:32,3
DA:33,3
DA:34,3
DA:37,1
DA:39,1
DA:40,1
DA:45,1
DA:47,1
DA:48,1
DA:50,1
DA:51,1
DA:54,1
DA:57,1
DA:58,1
DA:60,1
DA:63,1
DA:68,1
DA:70,1
DA:71,1
DA:75,1
DA:77,3
DA:78,3
DA:79,3
DA:82,1
DA:84,1
DA:85,1
DA:89,1
DA:95,1
DA:96,1
DA:100,1
DA:102,1
DA:103,1
DA:107,1
DA:109,2
DA:110,2
DA:111,2
DA:114,1
DA:116,1
DA:117,1
DA:121,1
DA:123,1
DA:124,1
DA:125,1
DA:127,1
DA:128,1
DA:129,1
DA:134,1
LF:57
LH:57
BRDA:39,1,0,0
BRDA:39,1,1,1
BRDA:47,2,0,0
BRDA:47,2,1,1
BRDA:70,3,0,0
BRDA:70,3,1,1
BRDA:84,4,0,0
BRDA:84,4,1,1
BRDA:95,5,0,0
BRDA:95,5,1,1
BRDA:102,6,0,0
BRDA:102,6,1,1
BRDA:116,7,0,0
BRDA:116,7,1,1
BRDA:123,8,0,0
BRDA:123,8,1,1
BRDA:127,9,0,0
BRDA:127,9,1,1
BRF:18
BRH:18
end_of_record
TN:
SF:/Users/mikehewitson1/src/my-weather-server/models/readings.js
FNF:0
FNH:0
DA:2,1
DA:3,1
DA:5,1
DA:47,1
DA:60,1
DA:63,1
LF:6
LH:6
BRF:0
BRH:0
end_of_record
TN:
SF:/Users/mikehewitson1/src/my-weather-server/routes/latestRouter.js
FN:13,(anonymous_1)
FN:18,(anonymous_2)
FN:20,(anonymous_3)
FNF:3
FNH:3
FNDA:1,(anonymous_1)
FNDA:1,(anonymous_2)
FNDA:1,(anonymous_3)
DA:1,1
DA:2,1
DA:3,1
DA:5,1
DA:7,1
DA:9,1
DA:12,1
DA:14,1
DA:15,1
DA:16,1
DA:19,1
DA:20,1
DA:22,1
DA:23,1
DA:27,1
LF:15
LH:15
BRDA:22,1,0,0
BRDA:22,1,1,1
BRF:2
BRH:2
end_of_record
TN:
SF:/Users/mikehewitson1/src/my-weather-server/routes/historyRouter.js
FN:12,(anonymous_1)
FN:17,(anonymous_2)
FN:22,(anonymous_3)
FN:30,(anonymous_4)
FN:35,(anonymous_5)
FN:58,(anonymous_6)
FNF:6
FNH:6
FNDA:1,(anonymous_1)
FNDA:1,(anonymous_2)
FNDA:1,(anonymous_3)
FNDA:1,(anonymous_4)
FNDA:1,(anonymous_5)
FNDA:1,(anonymous_6)
DA:1,1
DA:2,1
DA:3,1
DA:5,1
DA:7,1
DA:9,1
DA:11,1
DA:13,1
DA:14,1
DA:15,1
DA:19,1
DA:22,1
DA:24,1
DA:25,1
DA:29,1
DA:31,1
DA:32,1
DA:33,1
DA:36,1
DA:37,1
DA:38,1
DA:39,1
DA:40,1
DA:41,1
DA:58,1
DA:60,1
DA:61,1
DA:65,1
LF:28
LH:28
BRDA:24,1,0,0
BRDA:24,1,1,1
BRDA:60,2,0,0
BRDA:60,2,1,1
BRF:4
BRH:4
end_of_record
TN:
SF:/Users/mikehewitson1/src/my-weather-server/routes/summaryRouter.js
FN:12,(anonymous_1)
FN:17,(anonymous_2)
FN:80,(anonymous_3)
FN:88,(anonymous_4)
FN:93,(anonymous_5)
FN:164,(anonymous_6)
FNF:6
FNH:6
FNDA:1,(anonymous_1)
FNDA:1,(anonymous_2)
FNDA:1,(anonymous_3)
FNDA:1,(anonymous_4)
FNDA:1,(anonymous_5)
FNDA:1,(anonymous_6)
DA:1,1
DA:2,1
DA:3,1
DA:5,1
DA:7,1
DA:9,1
DA:11,1
DA:13,1
DA:14,1
DA:15,1
DA:18,1
DA:80,1
DA:82,1
DA:83,1
DA:87,1
DA:89,1
DA:90,1
DA:91,1
DA:94,1
DA:95,1
DA:96,1
DA:97,1
DA:98,1
DA:164,1
DA:166,1
DA:167,1
DA:171,1
LF:27
LH:27
BRDA:82,1,0,0
BRDA:82,1,1,1
BRDA:166,2,0,0
BRDA:166,2,1,1
BRF:4
BRH:4
end_of_record
